18:41:52:374  INFO 27124 --- [main] com.hmall.cart.CartApplication           : Starting CartApplication using Java 11.0.23 on LAPTOP-TTND96VD with PID 27124 (D:\idea_workspace\shuo_web_project\hmall\cart-service\target\classes started by 21925 in D:\idea_workspace\shuo_web_project\hmall)
18:41:52:377 DEBUG 27124 --- [main] com.hmall.cart.CartApplication           : Running with Spring Boot v2.7.12, Spring v5.3.27
18:41:52:377  INFO 27124 --- [main] com.hmall.cart.CartApplication           : The following 1 profile is active: "local"
18:41:53:061  INFO 27124 --- [main] o.s.cloud.context.scope.GenericScope     : BeanFactory id=92b18e70-0669-3ced-b16b-d32cc5634115
18:41:53:285  INFO 27124 --- [main] o.s.b.w.embedded.tomcat.TomcatWebServer  : Tomcat initialized with port(s): 8082 (http)
18:41:53:292  INFO 27124 --- [main] o.apache.catalina.core.StandardService   : Starting service [Tomcat]
18:41:53:292  INFO 27124 --- [main] org.apache.catalina.core.StandardEngine  : Starting Servlet engine: [Apache Tomcat/9.0.75]
18:41:53:381  INFO 27124 --- [main] o.a.c.c.C.[Tomcat].[localhost].[/]       : Initializing Spring embedded WebApplicationContext
18:41:53:381  INFO 27124 --- [main] w.s.c.ServletWebServerApplicationContext : Root WebApplicationContext: initialization completed in 977 ms
18:41:53:501  INFO 27124 --- [main] o.s.c.openfeign.FeignClientFactoryBean   : For 'item-service' URL not provided. Will try picking an instance via load-balancing.
18:41:55:180  INFO 27124 --- [main] pertySourcedRequestMappingHandlerMapping : Mapped URL path [/v2/api-docs] onto method [springfox.documentation.swagger2.web.Swagger2ControllerWebMvc#getDocumentation(String, HttpServletRequest)]
18:41:55:696  INFO 27124 --- [main] com.alibaba.nacos.common.remote.client   : [RpcClientFactory] create a new rpc client of 85bac6de-85a7-42a5-bb43-e3cc176e2b07
18:41:55:728  INFO 27124 --- [main] org.reflections.Reflections              : Reflections took 17 ms to scan 1 urls, producing 3 keys and 6 values 
18:41:55:749  INFO 27124 --- [main] org.reflections.Reflections              : Reflections took 8 ms to scan 1 urls, producing 4 keys and 9 values 
18:41:55:756  INFO 27124 --- [main] org.reflections.Reflections              : Reflections took 5 ms to scan 1 urls, producing 3 keys and 10 values 
18:41:55:758  WARN 27124 --- [main] org.reflections.Reflections              : given scan urls are empty. set urls in the configuration
18:41:55:764  INFO 27124 --- [main] org.reflections.Reflections              : Reflections took 5 ms to scan 1 urls, producing 1 keys and 5 values 
18:41:55:771  INFO 27124 --- [main] org.reflections.Reflections              : Reflections took 5 ms to scan 1 urls, producing 1 keys and 7 values 
18:41:55:778  INFO 27124 --- [main] org.reflections.Reflections              : Reflections took 5 ms to scan 1 urls, producing 2 keys and 8 values 
18:41:55:780  WARN 27124 --- [main] org.reflections.Reflections              : given scan urls are empty. set urls in the configuration
18:41:55:781  INFO 27124 --- [main] com.alibaba.nacos.common.remote.client   : [85bac6de-85a7-42a5-bb43-e3cc176e2b07] RpcClient init label, labels = {module=naming, source=sdk}
18:41:55:782  INFO 27124 --- [main] com.alibaba.nacos.common.remote.client   : [85bac6de-85a7-42a5-bb43-e3cc176e2b07] RpcClient init, ServerListFactory = com.alibaba.nacos.client.naming.core.ServerListManager
18:41:55:782  INFO 27124 --- [main] com.alibaba.nacos.common.remote.client   : [85bac6de-85a7-42a5-bb43-e3cc176e2b07] Registry connection listener to current client:com.alibaba.nacos.client.naming.remote.gprc.redo.NamingGrpcRedoService
18:41:55:782  INFO 27124 --- [main] com.alibaba.nacos.common.remote.client   : [85bac6de-85a7-42a5-bb43-e3cc176e2b07] Register server push request handler:com.alibaba.nacos.client.naming.remote.gprc.NamingPushRequestHandler
18:41:55:783  INFO 27124 --- [main] com.alibaba.nacos.common.remote.client   : [85bac6de-85a7-42a5-bb43-e3cc176e2b07] Try to connect to server on start up, server: {serverIp = '123.60.183.42', server main port = 8848}
18:41:57:376  INFO 27124 --- [main] com.alibaba.nacos.common.remote.client   : [85bac6de-85a7-42a5-bb43-e3cc176e2b07] Success to connect to server [123.60.183.42:8848] on start up, connectionId = 1721644918522_223.104.110.251_18139
18:41:57:377  INFO 27124 --- [com.alibaba.nacos.client.remote.worker] com.alibaba.nacos.common.remote.client   : [85bac6de-85a7-42a5-bb43-e3cc176e2b07] Notify connected event to listeners.
18:41:57:378  INFO 27124 --- [main] com.alibaba.nacos.common.remote.client   : [85bac6de-85a7-42a5-bb43-e3cc176e2b07] Register server push request handler:com.alibaba.nacos.common.remote.client.RpcClient$ConnectResetRequestHandler
18:41:57:378  INFO 27124 --- [main] com.alibaba.nacos.common.remote.client   : [85bac6de-85a7-42a5-bb43-e3cc176e2b07] Register server push request handler:com.alibaba.nacos.common.remote.client.RpcClient$$Lambda$978/0x000000080069b840
18:41:57:508  INFO 27124 --- [main] o.s.b.w.embedded.tomcat.TomcatWebServer  : Tomcat started on port(s): 8082 (http) with context path ''
18:41:57:594  INFO 27124 --- [main] c.a.c.n.registry.NacosServiceRegistry    : nacos registry, DEFAULT_GROUP cart-service 192.168.196.157:8082 register finished
18:41:57:960  INFO 27124 --- [nacos-grpc-client-executor-10] com.alibaba.nacos.common.remote.client   : [85bac6de-85a7-42a5-bb43-e3cc176e2b07] Receive server push request, request = NotifySubscriberRequest, requestId = 11
18:41:57:968  INFO 27124 --- [nacos-grpc-client-executor-10] com.alibaba.nacos.common.remote.client   : [85bac6de-85a7-42a5-bb43-e3cc176e2b07] Ack server push request, request = NotifySubscriberRequest, requestId = 11
18:41:58:037  INFO 27124 --- [main] d.s.w.p.DocumentationPluginsBootstrapper : Documentation plugins bootstrapped
18:41:58:040  INFO 27124 --- [main] d.s.w.p.DocumentationPluginsBootstrapper : Found 1 custom documentation plugin(s)
18:41:58:063  INFO 27124 --- [main] s.d.s.w.s.ApiListingReferenceScanner     : Scanning for api listing references
18:41:58:152  INFO 27124 --- [main] com.hmall.cart.CartApplication           : Started CartApplication in 6.553 seconds (JVM running for 7.301)
18:57:58:876  WARN 27124 --- [Thread-4] c.a.nacos.common.notify.NotifyCenter     : [NotifyCenter] Start destroying Publisher
18:57:58:877  WARN 27124 --- [Thread-7] c.a.n.common.http.HttpClientBeanHolder   : [HttpClientBeanHolder] Start destroying common HttpClient
18:57:58:877  WARN 27124 --- [Thread-4] c.a.nacos.common.notify.NotifyCenter     : [NotifyCenter] Destruction of the end
18:57:58:877  WARN 27124 --- [Thread-7] c.a.n.common.http.HttpClientBeanHolder   : [HttpClientBeanHolder] Destruction of the end
18:57:59:243  INFO 27124 --- [SpringApplicationShutdownHook] c.a.c.n.registry.NacosServiceRegistry    : De-registering from Nacos Server now...
18:57:59:303  INFO 27124 --- [SpringApplicationShutdownHook] c.a.c.n.registry.NacosServiceRegistry    : De-registration finished.
18:57:59:542  INFO 27124 --- [SpringApplicationShutdownHook] com.alibaba.nacos.common.remote.client   : Shutdown rpc client, set status to shutdown
18:57:59:542  INFO 27124 --- [SpringApplicationShutdownHook] com.alibaba.nacos.common.remote.client   : Shutdown client event executor java.util.concurrent.ScheduledThreadPoolExecutor@6271bc15[Running, pool size = 2, active threads = 2, queued tasks = 0, completed tasks = 0]
18:57:59:542  INFO 27124 --- [SpringApplicationShutdownHook] com.alibaba.nacos.common.remote.client   : Close current connection 1721644918522_223.104.110.251_18139
18:57:59:545  INFO 27124 --- [SpringApplicationShutdownHook] c.a.n.c.remote.client.grpc.GrpcClient    : Shutdown grpc executor java.util.concurrent.ThreadPoolExecutor@57686b37[Running, pool size = 5, active threads = 0, queued tasks = 0, completed tasks = 242]
20:50:32:679  INFO 29048 --- [main] com.hmall.cart.CartApplication           : Starting CartApplication using Java 11.0.23 on LAPTOP-TTND96VD with PID 29048 (D:\idea_workspace\shuo_web_project\hmall\cart-service\target\classes started by 21925 in D:\idea_workspace\shuo_web_project\hmall)
20:50:32:681 DEBUG 29048 --- [main] com.hmall.cart.CartApplication           : Running with Spring Boot v2.7.12, Spring v5.3.27
20:50:32:681  INFO 29048 --- [main] com.hmall.cart.CartApplication           : The following 1 profile is active: "local"
20:50:33:396  INFO 29048 --- [main] o.s.cloud.context.scope.GenericScope     : BeanFactory id=d4b6d486-dd13-318e-b248-9d38dd6447a5
20:50:33:659  INFO 29048 --- [main] o.s.b.w.embedded.tomcat.TomcatWebServer  : Tomcat initialized with port(s): 8082 (http)
20:50:33:665  INFO 29048 --- [main] o.apache.catalina.core.StandardService   : Starting service [Tomcat]
20:50:33:666  INFO 29048 --- [main] org.apache.catalina.core.StandardEngine  : Starting Servlet engine: [Apache Tomcat/9.0.75]
20:50:33:780  INFO 29048 --- [main] o.a.c.c.C.[Tomcat].[localhost].[/]       : Initializing Spring embedded WebApplicationContext
20:50:33:780  INFO 29048 --- [main] w.s.c.ServletWebServerApplicationContext : Root WebApplicationContext: initialization completed in 1064 ms
20:50:33:939  INFO 29048 --- [main] o.s.c.openfeign.FeignClientFactoryBean   : For 'item-service' URL not provided. Will try picking an instance via load-balancing.
20:50:35:880  INFO 29048 --- [main] pertySourcedRequestMappingHandlerMapping : Mapped URL path [/v2/api-docs] onto method [springfox.documentation.swagger2.web.Swagger2ControllerWebMvc#getDocumentation(String, HttpServletRequest)]
20:50:36:459  INFO 29048 --- [main] com.alibaba.nacos.common.remote.client   : [RpcClientFactory] create a new rpc client of f28c1d17-868e-42e6-8d0b-f61f7b38d8c3
20:50:36:490  INFO 29048 --- [main] org.reflections.Reflections              : Reflections took 16 ms to scan 1 urls, producing 3 keys and 6 values 
20:50:36:510  INFO 29048 --- [main] org.reflections.Reflections              : Reflections took 9 ms to scan 1 urls, producing 4 keys and 9 values 
20:50:36:520  INFO 29048 --- [main] org.reflections.Reflections              : Reflections took 8 ms to scan 1 urls, producing 3 keys and 10 values 
20:50:36:522  WARN 29048 --- [main] org.reflections.Reflections              : given scan urls are empty. set urls in the configuration
20:50:36:530  INFO 29048 --- [main] org.reflections.Reflections              : Reflections took 7 ms to scan 1 urls, producing 1 keys and 5 values 
20:50:36:541  INFO 29048 --- [main] org.reflections.Reflections              : Reflections took 8 ms to scan 1 urls, producing 1 keys and 7 values 
20:50:36:556  INFO 29048 --- [main] org.reflections.Reflections              : Reflections took 13 ms to scan 1 urls, producing 2 keys and 8 values 
20:50:36:558  WARN 29048 --- [main] org.reflections.Reflections              : given scan urls are empty. set urls in the configuration
20:50:36:558  INFO 29048 --- [main] com.alibaba.nacos.common.remote.client   : [f28c1d17-868e-42e6-8d0b-f61f7b38d8c3] RpcClient init label, labels = {module=naming, source=sdk}
20:50:36:560  INFO 29048 --- [main] com.alibaba.nacos.common.remote.client   : [f28c1d17-868e-42e6-8d0b-f61f7b38d8c3] RpcClient init, ServerListFactory = com.alibaba.nacos.client.naming.core.ServerListManager
20:50:36:560  INFO 29048 --- [main] com.alibaba.nacos.common.remote.client   : [f28c1d17-868e-42e6-8d0b-f61f7b38d8c3] Registry connection listener to current client:com.alibaba.nacos.client.naming.remote.gprc.redo.NamingGrpcRedoService
20:50:36:560  INFO 29048 --- [main] com.alibaba.nacos.common.remote.client   : [f28c1d17-868e-42e6-8d0b-f61f7b38d8c3] Register server push request handler:com.alibaba.nacos.client.naming.remote.gprc.NamingPushRequestHandler
20:50:36:561  INFO 29048 --- [main] com.alibaba.nacos.common.remote.client   : [f28c1d17-868e-42e6-8d0b-f61f7b38d8c3] Try to connect to server on start up, server: {serverIp = '123.60.183.42', server main port = 8848}
20:50:38:197  INFO 29048 --- [main] com.alibaba.nacos.common.remote.client   : [f28c1d17-868e-42e6-8d0b-f61f7b38d8c3] Success to connect to server [123.60.183.42:8848] on start up, connectionId = 1721652638025_223.104.110.251_18146
20:50:38:197  INFO 29048 --- [com.alibaba.nacos.client.remote.worker] com.alibaba.nacos.common.remote.client   : [f28c1d17-868e-42e6-8d0b-f61f7b38d8c3] Notify connected event to listeners.
20:50:38:198  INFO 29048 --- [main] com.alibaba.nacos.common.remote.client   : [f28c1d17-868e-42e6-8d0b-f61f7b38d8c3] Register server push request handler:com.alibaba.nacos.common.remote.client.RpcClient$ConnectResetRequestHandler
20:50:38:198  INFO 29048 --- [main] com.alibaba.nacos.common.remote.client   : [f28c1d17-868e-42e6-8d0b-f61f7b38d8c3] Register server push request handler:com.alibaba.nacos.common.remote.client.RpcClient$$Lambda$978/0x000000080069bc40
20:50:38:289  INFO 29048 --- [main] o.s.b.w.embedded.tomcat.TomcatWebServer  : Tomcat started on port(s): 8082 (http) with context path ''
20:50:38:421  INFO 29048 --- [main] c.a.c.n.registry.NacosServiceRegistry    : nacos registry, DEFAULT_GROUP cart-service 192.168.196.157:8082 register finished
20:50:38:795  INFO 29048 --- [nacos-grpc-client-executor-8] com.alibaba.nacos.common.remote.client   : [f28c1d17-868e-42e6-8d0b-f61f7b38d8c3] Receive server push request, request = NotifySubscriberRequest, requestId = 23
20:50:38:802  INFO 29048 --- [nacos-grpc-client-executor-8] com.alibaba.nacos.common.remote.client   : [f28c1d17-868e-42e6-8d0b-f61f7b38d8c3] Ack server push request, request = NotifySubscriberRequest, requestId = 23
20:50:38:825  INFO 29048 --- [main] d.s.w.p.DocumentationPluginsBootstrapper : Documentation plugins bootstrapped
20:50:38:827  INFO 29048 --- [main] d.s.w.p.DocumentationPluginsBootstrapper : Found 1 custom documentation plugin(s)
20:50:38:843  INFO 29048 --- [main] s.d.s.w.s.ApiListingReferenceScanner     : Scanning for api listing references
20:50:38:898  INFO 29048 --- [main] com.hmall.cart.CartApplication           : Started CartApplication in 7.039 seconds (JVM running for 7.812)
20:51:13:469  INFO 29048 --- [http-nio-8082-exec-1] o.apache.tomcat.util.http.parser.Cookie  : A cookie header was received [Hm_lvt_c9a3849aa75f9c4a4e65f846cd1a5155=1719459970,1719468329;] that contained an invalid cookie. That cookie will be ignored.
 Note: further occurrences of this error will be logged at DEBUG level.
20:51:13:475  INFO 29048 --- [http-nio-8082-exec-1] o.a.c.c.C.[Tomcat].[localhost].[/]       : Initializing Spring DispatcherServlet 'dispatcherServlet'
20:51:13:475  INFO 29048 --- [http-nio-8082-exec-1] o.s.web.servlet.DispatcherServlet        : Initializing Servlet 'dispatcherServlet'
20:51:13:476  INFO 29048 --- [http-nio-8082-exec-1] o.s.web.servlet.DispatcherServlet        : Completed initialization in 1 ms
20:51:13:540  INFO 29048 --- [http-nio-8082-exec-1] com.zaxxer.hikari.HikariDataSource       : HikariPool-1 - Starting...
20:51:14:409  INFO 29048 --- [http-nio-8082-exec-1] com.zaxxer.hikari.HikariDataSource       : HikariPool-1 - Start completed.
20:51:14:413 DEBUG 29048 --- [http-nio-8082-exec-1] c.h.cart.mapper.CartMapper.selectList    : ==>  Preparing: SELECT id,user_id,item_id,num,name,spec,price,image,create_time,update_time FROM cart WHERE (user_id = ?)
20:51:14:428 DEBUG 29048 --- [http-nio-8082-exec-1] c.h.cart.mapper.CartMapper.selectList    : ==> Parameters: 1(Long)
20:51:14:488 DEBUG 29048 --- [http-nio-8082-exec-1] c.h.cart.mapper.CartMapper.selectList    : <==      Total: 1
20:51:15:226  INFO 29048 --- [nacos-grpc-client-executor-20] com.alibaba.nacos.common.remote.client   : [f28c1d17-868e-42e6-8d0b-f61f7b38d8c3] Receive server push request, request = NotifySubscriberRequest, requestId = 28
20:51:15:227  INFO 29048 --- [nacos-grpc-client-executor-20] com.alibaba.nacos.common.remote.client   : [f28c1d17-868e-42e6-8d0b-f61f7b38d8c3] Ack server push request, request = NotifySubscriberRequest, requestId = 28
20:51:25:494 DEBUG 29048 --- [http-nio-8082-exec-2] c.h.cart.mapper.CartMapper.selectList    : ==>  Preparing: SELECT id,user_id,item_id,num,name,spec,price,image,create_time,update_time FROM cart WHERE (user_id = ?)
20:51:25:495 DEBUG 29048 --- [http-nio-8082-exec-2] c.h.cart.mapper.CartMapper.selectList    : ==> Parameters: 2(Long)
20:51:25:555 DEBUG 29048 --- [http-nio-8082-exec-2] c.h.cart.mapper.CartMapper.selectList    : <==      Total: 0
20:52:09:391  WARN 29048 --- [Thread-7] c.a.n.common.http.HttpClientBeanHolder   : [HttpClientBeanHolder] Start destroying common HttpClient
20:52:09:391  WARN 29048 --- [Thread-4] c.a.nacos.common.notify.NotifyCenter     : [NotifyCenter] Start destroying Publisher
20:52:09:392  WARN 29048 --- [Thread-4] c.a.nacos.common.notify.NotifyCenter     : [NotifyCenter] Destruction of the end
20:52:09:392  WARN 29048 --- [Thread-7] c.a.n.common.http.HttpClientBeanHolder   : [HttpClientBeanHolder] Destruction of the end
20:52:09:953  INFO 29048 --- [SpringApplicationShutdownHook] c.a.c.n.registry.NacosServiceRegistry    : De-registering from Nacos Server now...
20:52:09:998  INFO 29048 --- [SpringApplicationShutdownHook] c.a.c.n.registry.NacosServiceRegistry    : De-registration finished.
20:52:10:334  INFO 29048 --- [SpringApplicationShutdownHook] com.alibaba.nacos.common.remote.client   : Shutdown rpc client, set status to shutdown
20:52:10:334  INFO 29048 --- [SpringApplicationShutdownHook] com.alibaba.nacos.common.remote.client   : Shutdown client event executor java.util.concurrent.ScheduledThreadPoolExecutor@731f6b05[Running, pool size = 2, active threads = 2, queued tasks = 0, completed tasks = 0]
20:52:10:334  INFO 29048 --- [SpringApplicationShutdownHook] com.alibaba.nacos.common.remote.client   : Close current connection 1721652638025_223.104.110.251_18146
20:52:10:337  INFO 29048 --- [SpringApplicationShutdownHook] c.a.n.c.remote.client.grpc.GrpcClient    : Shutdown grpc executor java.util.concurrent.ThreadPoolExecutor@6839543[Running, pool size = 5, active threads = 0, queued tasks = 0, completed tasks = 35]
20:52:10:340  INFO 29048 --- [SpringApplicationShutdownHook] com.zaxxer.hikari.HikariDataSource       : HikariPool-1 - Shutdown initiated...
20:52:11:266  INFO 29048 --- [SpringApplicationShutdownHook] com.zaxxer.hikari.HikariDataSource       : HikariPool-1 - Shutdown completed.
21:17:19:548  INFO 21700 --- [main] com.hmall.cart.CartApplication           : Starting CartApplication using Java 11.0.23 on LAPTOP-TTND96VD with PID 21700 (D:\idea_workspace\shuo_web_project\hmall\cart-service\target\classes started by 21925 in D:\idea_workspace\shuo_web_project\hmall)
21:17:19:549 DEBUG 21700 --- [main] com.hmall.cart.CartApplication           : Running with Spring Boot v2.7.12, Spring v5.3.27
21:17:19:550  INFO 21700 --- [main] com.hmall.cart.CartApplication           : The following 1 profile is active: "local"
21:17:20:216  INFO 21700 --- [main] o.s.cloud.context.scope.GenericScope     : BeanFactory id=d4b6d486-dd13-318e-b248-9d38dd6447a5
21:17:20:447  INFO 21700 --- [main] o.s.b.w.embedded.tomcat.TomcatWebServer  : Tomcat initialized with port(s): 8082 (http)
21:17:20:453  INFO 21700 --- [main] o.apache.catalina.core.StandardService   : Starting service [Tomcat]
21:17:20:453  INFO 21700 --- [main] org.apache.catalina.core.StandardEngine  : Starting Servlet engine: [Apache Tomcat/9.0.75]
21:17:20:554  INFO 21700 --- [main] o.a.c.c.C.[Tomcat].[localhost].[/]       : Initializing Spring embedded WebApplicationContext
21:17:20:554  INFO 21700 --- [main] w.s.c.ServletWebServerApplicationContext : Root WebApplicationContext: initialization completed in 976 ms
21:17:20:685  INFO 21700 --- [main] o.s.c.openfeign.FeignClientFactoryBean   : For 'item-service' URL not provided. Will try picking an instance via load-balancing.
21:17:22:840  INFO 21700 --- [main] pertySourcedRequestMappingHandlerMapping : Mapped URL path [/v2/api-docs] onto method [springfox.documentation.swagger2.web.Swagger2ControllerWebMvc#getDocumentation(String, HttpServletRequest)]
21:17:23:517  INFO 21700 --- [main] com.alibaba.nacos.common.remote.client   : [RpcClientFactory] create a new rpc client of a72f70d7-b13a-4f6c-a58c-9aef775becd8
21:17:23:560  INFO 21700 --- [main] org.reflections.Reflections              : Reflections took 28 ms to scan 1 urls, producing 3 keys and 6 values 
21:17:23:579  INFO 21700 --- [main] org.reflections.Reflections              : Reflections took 7 ms to scan 1 urls, producing 4 keys and 9 values 
21:17:23:588  INFO 21700 --- [main] org.reflections.Reflections              : Reflections took 6 ms to scan 1 urls, producing 3 keys and 10 values 
21:17:23:590  WARN 21700 --- [main] org.reflections.Reflections              : given scan urls are empty. set urls in the configuration
21:17:23:596  INFO 21700 --- [main] org.reflections.Reflections              : Reflections took 5 ms to scan 1 urls, producing 1 keys and 5 values 
21:17:23:603  INFO 21700 --- [main] org.reflections.Reflections              : Reflections took 6 ms to scan 1 urls, producing 1 keys and 7 values 
21:17:23:609  INFO 21700 --- [main] org.reflections.Reflections              : Reflections took 5 ms to scan 1 urls, producing 2 keys and 8 values 
21:17:23:611  WARN 21700 --- [main] org.reflections.Reflections              : given scan urls are empty. set urls in the configuration
21:17:23:611  INFO 21700 --- [main] com.alibaba.nacos.common.remote.client   : [a72f70d7-b13a-4f6c-a58c-9aef775becd8] RpcClient init label, labels = {module=naming, source=sdk}
21:17:23:614  INFO 21700 --- [main] com.alibaba.nacos.common.remote.client   : [a72f70d7-b13a-4f6c-a58c-9aef775becd8] RpcClient init, ServerListFactory = com.alibaba.nacos.client.naming.core.ServerListManager
21:17:23:614  INFO 21700 --- [main] com.alibaba.nacos.common.remote.client   : [a72f70d7-b13a-4f6c-a58c-9aef775becd8] Registry connection listener to current client:com.alibaba.nacos.client.naming.remote.gprc.redo.NamingGrpcRedoService
21:17:23:614  INFO 21700 --- [main] com.alibaba.nacos.common.remote.client   : [a72f70d7-b13a-4f6c-a58c-9aef775becd8] Register server push request handler:com.alibaba.nacos.client.naming.remote.gprc.NamingPushRequestHandler
21:17:23:615  INFO 21700 --- [main] com.alibaba.nacos.common.remote.client   : [a72f70d7-b13a-4f6c-a58c-9aef775becd8] Try to connect to server on start up, server: {serverIp = '123.60.183.42', server main port = 8848}
21:17:25:318  INFO 21700 --- [main] com.alibaba.nacos.common.remote.client   : [a72f70d7-b13a-4f6c-a58c-9aef775becd8] Success to connect to server [123.60.183.42:8848] on start up, connectionId = 1721654245085_223.104.110.251_18151
21:17:25:319  INFO 21700 --- [com.alibaba.nacos.client.remote.worker] com.alibaba.nacos.common.remote.client   : [a72f70d7-b13a-4f6c-a58c-9aef775becd8] Notify connected event to listeners.
21:17:25:319  INFO 21700 --- [main] com.alibaba.nacos.common.remote.client   : [a72f70d7-b13a-4f6c-a58c-9aef775becd8] Register server push request handler:com.alibaba.nacos.common.remote.client.RpcClient$ConnectResetRequestHandler
21:17:25:320  INFO 21700 --- [main] com.alibaba.nacos.common.remote.client   : [a72f70d7-b13a-4f6c-a58c-9aef775becd8] Register server push request handler:com.alibaba.nacos.common.remote.client.RpcClient$$Lambda$978/0x000000080069bc40
21:17:25:425  INFO 21700 --- [main] o.s.b.w.embedded.tomcat.TomcatWebServer  : Tomcat started on port(s): 8082 (http) with context path ''
21:17:25:502  INFO 21700 --- [main] c.a.c.n.registry.NacosServiceRegistry    : nacos registry, DEFAULT_GROUP cart-service 192.168.196.157:8082 register finished
21:17:25:935  INFO 21700 --- [main] d.s.w.p.DocumentationPluginsBootstrapper : Documentation plugins bootstrapped
21:17:25:937  INFO 21700 --- [main] d.s.w.p.DocumentationPluginsBootstrapper : Found 1 custom documentation plugin(s)
21:17:25:955  INFO 21700 --- [main] s.d.s.w.s.ApiListingReferenceScanner     : Scanning for api listing references
21:17:26:026  INFO 21700 --- [main] com.hmall.cart.CartApplication           : Started CartApplication in 7.335 seconds (JVM running for 8.15)
21:17:26:191  INFO 21700 --- [nacos-grpc-client-executor-8] com.alibaba.nacos.common.remote.client   : [a72f70d7-b13a-4f6c-a58c-9aef775becd8] Receive server push request, request = NotifySubscriberRequest, requestId = 35
21:17:26:198  INFO 21700 --- [nacos-grpc-client-executor-8] com.alibaba.nacos.common.remote.client   : [a72f70d7-b13a-4f6c-a58c-9aef775becd8] Ack server push request, request = NotifySubscriberRequest, requestId = 35
21:17:43:198  INFO 21700 --- [http-nio-8082-exec-1] o.apache.tomcat.util.http.parser.Cookie  : A cookie header was received [Hm_lvt_c9a3849aa75f9c4a4e65f846cd1a5155=1719459970,1719468329;] that contained an invalid cookie. That cookie will be ignored.
 Note: further occurrences of this error will be logged at DEBUG level.
21:17:43:203  INFO 21700 --- [http-nio-8082-exec-1] o.a.c.c.C.[Tomcat].[localhost].[/]       : Initializing Spring DispatcherServlet 'dispatcherServlet'
21:17:43:203  INFO 21700 --- [http-nio-8082-exec-1] o.s.web.servlet.DispatcherServlet        : Initializing Servlet 'dispatcherServlet'
21:17:43:203  INFO 21700 --- [http-nio-8082-exec-1] o.s.web.servlet.DispatcherServlet        : Completed initialization in 0 ms
21:17:43:266  INFO 21700 --- [http-nio-8082-exec-1] com.zaxxer.hikari.HikariDataSource       : HikariPool-1 - Starting...
21:17:44:630  INFO 21700 --- [http-nio-8082-exec-1] com.zaxxer.hikari.HikariDataSource       : HikariPool-1 - Start completed.
21:17:44:635 DEBUG 21700 --- [http-nio-8082-exec-1] c.h.cart.mapper.CartMapper.selectList    : ==>  Preparing: SELECT id,user_id,item_id,num,name,spec,price,image,create_time,update_time FROM cart WHERE (user_id = ?)
21:17:44:647 DEBUG 21700 --- [http-nio-8082-exec-1] c.h.cart.mapper.CartMapper.selectList    : ==> Parameters: 2(Long)
21:17:44:749 DEBUG 21700 --- [http-nio-8082-exec-1] c.h.cart.mapper.CartMapper.selectList    : <==      Total: 0
21:17:49:128 DEBUG 21700 --- [http-nio-8082-exec-2] c.h.cart.mapper.CartMapper.selectCount   : ==>  Preparing: SELECT COUNT( * ) FROM cart WHERE (user_id = ? AND item_id = ?)
21:17:49:128 DEBUG 21700 --- [http-nio-8082-exec-2] c.h.cart.mapper.CartMapper.selectCount   : ==> Parameters: 2(Long), 100000003145(Long)
21:17:49:244 DEBUG 21700 --- [http-nio-8082-exec-2] c.h.cart.mapper.CartMapper.selectCount   : <==      Total: 1
21:17:49:245 DEBUG 21700 --- [http-nio-8082-exec-2] c.h.cart.mapper.CartMapper.selectCount   : ==>  Preparing: SELECT COUNT( * ) FROM cart WHERE (user_id = ?)
21:17:49:245 DEBUG 21700 --- [http-nio-8082-exec-2] c.h.cart.mapper.CartMapper.selectCount   : ==> Parameters: 2(Long)
21:17:49:324 DEBUG 21700 --- [http-nio-8082-exec-2] c.h.cart.mapper.CartMapper.selectCount   : <==      Total: 1
21:17:49:347 DEBUG 21700 --- [http-nio-8082-exec-2] com.hmall.cart.mapper.CartMapper.insert  : ==>  Preparing: INSERT INTO cart ( user_id, item_id, name, price, image ) VALUES ( ?, ?, ?, ?, ? )
21:17:49:348 DEBUG 21700 --- [http-nio-8082-exec-2] com.hmall.cart.mapper.CartMapper.insert  : ==> Parameters: 2(Long), 100000003145(Long), vivo X23 8GB+128GB 幻夜蓝 水滴屏全面屏 <em>游戏手机</em>移动联通电信全网通4G手机(String), 95900(Integer), https://m.360buyimg.com/mobilecms/s720x720_jfs/t1/4612/28/6223/298257/5ba22d66Ef665222f/d97ed0b25cbe8c6e.jpg!q70.jpg.webp(String)
21:17:49:466 DEBUG 21700 --- [http-nio-8082-exec-2] com.hmall.cart.mapper.CartMapper.insert  : <==    Updates: 1
21:17:49:551 DEBUG 21700 --- [http-nio-8082-exec-3] c.h.cart.mapper.CartMapper.selectList    : ==>  Preparing: SELECT id,user_id,item_id,num,name,spec,price,image,create_time,update_time FROM cart WHERE (user_id = ?)
21:17:49:551 DEBUG 21700 --- [http-nio-8082-exec-3] c.h.cart.mapper.CartMapper.selectList    : ==> Parameters: 2(Long)
21:17:49:598 DEBUG 21700 --- [http-nio-8082-exec-3] c.h.cart.mapper.CartMapper.selectList    : <==      Total: 1
21:17:49:601 DEBUG 21700 --- [http-nio-8082-exec-3] com.hmall.api.client.ItemClient          : [ItemClient#queryItemByIds] ---> GET http://item-service/items?ids=100000003145 HTTP/1.1
21:17:49:601 DEBUG 21700 --- [http-nio-8082-exec-3] com.hmall.api.client.ItemClient          : [ItemClient#queryItemByIds] user-info: 2
21:17:49:601 DEBUG 21700 --- [http-nio-8082-exec-3] com.hmall.api.client.ItemClient          : [ItemClient#queryItemByIds] ---> END HTTP (0-byte body)
21:17:50:369  INFO 21700 --- [nacos-grpc-client-executor-17] com.alibaba.nacos.common.remote.client   : [a72f70d7-b13a-4f6c-a58c-9aef775becd8] Receive server push request, request = NotifySubscriberRequest, requestId = 40
21:17:50:370  INFO 21700 --- [nacos-grpc-client-executor-17] com.alibaba.nacos.common.remote.client   : [a72f70d7-b13a-4f6c-a58c-9aef775becd8] Ack server push request, request = NotifySubscriberRequest, requestId = 40
21:17:51:161 DEBUG 21700 --- [http-nio-8082-exec-3] com.hmall.api.client.ItemClient          : [ItemClient#queryItemByIds] <--- HTTP/1.1 200 (1558ms)
21:17:51:161 DEBUG 21700 --- [http-nio-8082-exec-3] com.hmall.api.client.ItemClient          : [ItemClient#queryItemByIds] connection: keep-alive
21:17:51:161 DEBUG 21700 --- [http-nio-8082-exec-3] com.hmall.api.client.ItemClient          : [ItemClient#queryItemByIds] content-type: application/json
21:17:51:161 DEBUG 21700 --- [http-nio-8082-exec-3] com.hmall.api.client.ItemClient          : [ItemClient#queryItemByIds] date: Mon, 22 Jul 2024 13:17:51 GMT
21:17:51:161 DEBUG 21700 --- [http-nio-8082-exec-3] com.hmall.api.client.ItemClient          : [ItemClient#queryItemByIds] keep-alive: timeout=60
21:17:51:161 DEBUG 21700 --- [http-nio-8082-exec-3] com.hmall.api.client.ItemClient          : [ItemClient#queryItemByIds] transfer-encoding: chunked
21:17:51:161 DEBUG 21700 --- [http-nio-8082-exec-3] com.hmall.api.client.ItemClient          : [ItemClient#queryItemByIds] 
21:17:51:161 DEBUG 21700 --- [http-nio-8082-exec-3] com.hmall.api.client.ItemClient          : [ItemClient#queryItemByIds] [{"id":"100000003145","name":"vivo X23 8GB+128GB 幻夜蓝 水滴屏全面屏 游戏手机 移动联通电信全网通4G手机","price":95900,"stock":10000,"image":"https://m.360buyimg.com/mobilecms/s720x720_jfs/t1/4612/28/6223/298257/5ba22d66Ef665222f/d97ed0b25cbe8c6e.jpg!q70.jpg.webp","category":"手机","brand":"vivo","spec":"{\"颜色\": \"红色\", \"版本\": \"8GB+128GB\"}","sold":11212,"commentCount":1231312,"isAD":true,"status":1}]
21:17:51:162 DEBUG 21700 --- [http-nio-8082-exec-3] com.hmall.api.client.ItemClient          : [ItemClient#queryItemByIds] <--- END HTTP (444-byte body)
21:17:55:989 DEBUG 21700 --- [http-nio-8082-exec-4] c.h.cart.mapper.CartMapper.updateById    : ==>  Preparing: UPDATE cart SET num=? WHERE id=?
21:17:55:990 DEBUG 21700 --- [http-nio-8082-exec-4] c.h.cart.mapper.CartMapper.updateById    : ==> Parameters: 2(Integer), 10(Long)
21:17:56:168 DEBUG 21700 --- [http-nio-8082-exec-4] c.h.cart.mapper.CartMapper.updateById    : <==    Updates: 1
21:17:56:181 DEBUG 21700 --- [http-nio-8082-exec-5] c.h.cart.mapper.CartMapper.selectList    : ==>  Preparing: SELECT id,user_id,item_id,num,name,spec,price,image,create_time,update_time FROM cart WHERE (user_id = ?)
21:17:56:181 DEBUG 21700 --- [http-nio-8082-exec-5] c.h.cart.mapper.CartMapper.selectList    : ==> Parameters: 2(Long)
21:17:56:234 DEBUG 21700 --- [http-nio-8082-exec-5] c.h.cart.mapper.CartMapper.selectList    : <==      Total: 1
21:17:56:235 DEBUG 21700 --- [http-nio-8082-exec-5] com.hmall.api.client.ItemClient          : [ItemClient#queryItemByIds] ---> GET http://item-service/items?ids=100000003145 HTTP/1.1
21:17:56:235 DEBUG 21700 --- [http-nio-8082-exec-5] com.hmall.api.client.ItemClient          : [ItemClient#queryItemByIds] user-info: 2
21:17:56:235 DEBUG 21700 --- [http-nio-8082-exec-5] com.hmall.api.client.ItemClient          : [ItemClient#queryItemByIds] ---> END HTTP (0-byte body)
21:17:56:339 DEBUG 21700 --- [http-nio-8082-exec-5] com.hmall.api.client.ItemClient          : [ItemClient#queryItemByIds] <--- HTTP/1.1 200 (104ms)
21:17:56:340 DEBUG 21700 --- [http-nio-8082-exec-5] com.hmall.api.client.ItemClient          : [ItemClient#queryItemByIds] connection: keep-alive
21:17:56:340 DEBUG 21700 --- [http-nio-8082-exec-5] com.hmall.api.client.ItemClient          : [ItemClient#queryItemByIds] content-type: application/json
21:17:56:340 DEBUG 21700 --- [http-nio-8082-exec-5] com.hmall.api.client.ItemClient          : [ItemClient#queryItemByIds] date: Mon, 22 Jul 2024 13:17:56 GMT
21:17:56:340 DEBUG 21700 --- [http-nio-8082-exec-5] com.hmall.api.client.ItemClient          : [ItemClient#queryItemByIds] keep-alive: timeout=60
21:17:56:340 DEBUG 21700 --- [http-nio-8082-exec-5] com.hmall.api.client.ItemClient          : [ItemClient#queryItemByIds] transfer-encoding: chunked
21:17:56:340 DEBUG 21700 --- [http-nio-8082-exec-5] com.hmall.api.client.ItemClient          : [ItemClient#queryItemByIds] 
21:17:56:340 DEBUG 21700 --- [http-nio-8082-exec-5] com.hmall.api.client.ItemClient          : [ItemClient#queryItemByIds] [{"id":"100000003145","name":"vivo X23 8GB+128GB 幻夜蓝 水滴屏全面屏 游戏手机 移动联通电信全网通4G手机","price":95900,"stock":10000,"image":"https://m.360buyimg.com/mobilecms/s720x720_jfs/t1/4612/28/6223/298257/5ba22d66Ef665222f/d97ed0b25cbe8c6e.jpg!q70.jpg.webp","category":"手机","brand":"vivo","spec":"{\"颜色\": \"红色\", \"版本\": \"8GB+128GB\"}","sold":11212,"commentCount":1231312,"isAD":true,"status":1}]
21:17:56:340 DEBUG 21700 --- [http-nio-8082-exec-5] com.hmall.api.client.ItemClient          : [ItemClient#queryItemByIds] <--- END HTTP (444-byte body)
21:18:07:468 DEBUG 21700 --- [http-nio-8082-exec-6] com.hmall.cart.mapper.CartMapper.delete  : ==>  Preparing: DELETE FROM cart WHERE (user_id = ? AND item_id IN (?))
21:18:07:469 DEBUG 21700 --- [http-nio-8082-exec-6] com.hmall.cart.mapper.CartMapper.delete  : ==> Parameters: 2(Long), 100000003145(Long)
21:18:07:583 DEBUG 21700 --- [http-nio-8082-exec-6] com.hmall.cart.mapper.CartMapper.delete  : <==    Updates: 1
21:18:14:108 DEBUG 21700 --- [http-nio-8082-exec-7] com.hmall.cart.mapper.CartMapper.delete  : ==>  Preparing: DELETE FROM cart WHERE (user_id = ? AND item_id IN (?))
21:18:14:108 DEBUG 21700 --- [http-nio-8082-exec-7] com.hmall.cart.mapper.CartMapper.delete  : ==> Parameters: 2(Long), 100000003145(Long)
21:18:14:455 DEBUG 21700 --- [http-nio-8082-exec-7] com.hmall.cart.mapper.CartMapper.delete  : <==    Updates: 0
21:21:02:467 DEBUG 21700 --- [http-nio-8082-exec-10] c.h.cart.mapper.CartMapper.selectList    : ==>  Preparing: SELECT id,user_id,item_id,num,name,spec,price,image,create_time,update_time FROM cart WHERE (user_id = ?)
21:21:02:468 DEBUG 21700 --- [http-nio-8082-exec-10] c.h.cart.mapper.CartMapper.selectList    : ==> Parameters: 1(Long)
21:21:02:577 DEBUG 21700 --- [http-nio-8082-exec-10] c.h.cart.mapper.CartMapper.selectList    : <==      Total: 1
21:21:02:578 DEBUG 21700 --- [http-nio-8082-exec-10] com.hmall.api.client.ItemClient          : [ItemClient#queryItemByIds] ---> GET http://item-service/items?ids=100000006163 HTTP/1.1
21:21:02:578 DEBUG 21700 --- [http-nio-8082-exec-10] com.hmall.api.client.ItemClient          : [ItemClient#queryItemByIds] user-info: 1
21:21:02:578 DEBUG 21700 --- [http-nio-8082-exec-10] com.hmall.api.client.ItemClient          : [ItemClient#queryItemByIds] ---> END HTTP (0-byte body)
21:21:02:701 DEBUG 21700 --- [http-nio-8082-exec-10] com.hmall.api.client.ItemClient          : [ItemClient#queryItemByIds] <--- HTTP/1.1 200 (123ms)
21:21:02:701 DEBUG 21700 --- [http-nio-8082-exec-10] com.hmall.api.client.ItemClient          : [ItemClient#queryItemByIds] connection: keep-alive
21:21:02:701 DEBUG 21700 --- [http-nio-8082-exec-10] com.hmall.api.client.ItemClient          : [ItemClient#queryItemByIds] content-type: application/json
21:21:02:701 DEBUG 21700 --- [http-nio-8082-exec-10] com.hmall.api.client.ItemClient          : [ItemClient#queryItemByIds] date: Mon, 22 Jul 2024 13:21:02 GMT
21:21:02:701 DEBUG 21700 --- [http-nio-8082-exec-10] com.hmall.api.client.ItemClient          : [ItemClient#queryItemByIds] keep-alive: timeout=60
21:21:02:702 DEBUG 21700 --- [http-nio-8082-exec-10] com.hmall.api.client.ItemClient          : [ItemClient#queryItemByIds] transfer-encoding: chunked
21:21:02:702 DEBUG 21700 --- [http-nio-8082-exec-10] com.hmall.api.client.ItemClient          : [ItemClient#queryItemByIds] 
21:21:02:702 DEBUG 21700 --- [http-nio-8082-exec-10] com.hmall.api.client.ItemClient          : [ItemClient#queryItemByIds] [{"id":"100000006163","name":"巴布豆(BOBDOG)柔薄悦动婴儿拉拉裤XXL码80片(15kg以上)","price":67100,"stock":10000,"image":"https://m.360buyimg.com/mobilecms/s720x720_jfs/t23998/350/2363990466/222391/a6e9581d/5b7cba5bN0c18fb4f.jpg!q70.jpg.webp","category":"拉拉裤","brand":"巴布豆","spec":"{}","sold":11,"commentCount":33343434,"isAD":false,"status":2}]
21:21:02:702 DEBUG 21700 --- [http-nio-8082-exec-10] com.hmall.api.client.ItemClient          : [ItemClient#queryItemByIds] <--- END HTTP (371-byte body)
21:21:11:001 DEBUG 21700 --- [http-nio-8082-exec-1] c.h.cart.mapper.CartMapper.deleteById    : ==>  Preparing: DELETE FROM cart WHERE id=?
21:21:11:001 DEBUG 21700 --- [http-nio-8082-exec-1] c.h.cart.mapper.CartMapper.deleteById    : ==> Parameters: 7(Long)
21:21:11:164 DEBUG 21700 --- [http-nio-8082-exec-1] c.h.cart.mapper.CartMapper.deleteById    : <==    Updates: 1
21:21:11:177 DEBUG 21700 --- [http-nio-8082-exec-2] c.h.cart.mapper.CartMapper.selectList    : ==>  Preparing: SELECT id,user_id,item_id,num,name,spec,price,image,create_time,update_time FROM cart WHERE (user_id = ?)
21:21:11:177 DEBUG 21700 --- [http-nio-8082-exec-2] c.h.cart.mapper.CartMapper.selectList    : ==> Parameters: 1(Long)
21:21:11:244 DEBUG 21700 --- [http-nio-8082-exec-2] c.h.cart.mapper.CartMapper.selectList    : <==      Total: 0
21:21:15:863 DEBUG 21700 --- [http-nio-8082-exec-3] c.h.cart.mapper.CartMapper.selectCount   : ==>  Preparing: SELECT COUNT( * ) FROM cart WHERE (user_id = ? AND item_id = ?)
21:21:15:864 DEBUG 21700 --- [http-nio-8082-exec-3] c.h.cart.mapper.CartMapper.selectCount   : ==> Parameters: 1(Long), 100000006163(Long)
21:21:15:991 DEBUG 21700 --- [http-nio-8082-exec-3] c.h.cart.mapper.CartMapper.selectCount   : <==      Total: 1
21:21:15:993 DEBUG 21700 --- [http-nio-8082-exec-3] c.h.cart.mapper.CartMapper.selectCount   : ==>  Preparing: SELECT COUNT( * ) FROM cart WHERE (user_id = ?)
21:21:15:993 DEBUG 21700 --- [http-nio-8082-exec-3] c.h.cart.mapper.CartMapper.selectCount   : ==> Parameters: 1(Long)
21:21:16:077 DEBUG 21700 --- [http-nio-8082-exec-3] c.h.cart.mapper.CartMapper.selectCount   : <==      Total: 1
21:21:16:078 DEBUG 21700 --- [http-nio-8082-exec-3] com.hmall.cart.mapper.CartMapper.insert  : ==>  Preparing: INSERT INTO cart ( user_id, item_id, name, spec, price, image ) VALUES ( ?, ?, ?, ?, ?, ? )
21:21:16:079 DEBUG 21700 --- [http-nio-8082-exec-3] com.hmall.cart.mapper.CartMapper.insert  : ==> Parameters: 1(Long), 100000006163(Long), 巴布豆(BOBDOG)柔薄悦动婴儿拉拉裤XXL码80片(15kg以上)(String), {}(String), 67100(Integer), https://m.360buyimg.com/mobilecms/s720x720_jfs/t23998/350/2363990466/222391/a6e9581d/5b7cba5bN0c18fb4f.jpg!q70.jpg.webp(String)
21:21:16:237 DEBUG 21700 --- [http-nio-8082-exec-3] com.hmall.cart.mapper.CartMapper.insert  : <==    Updates: 1
21:21:16:305 DEBUG 21700 --- [http-nio-8082-exec-4] c.h.cart.mapper.CartMapper.selectList    : ==>  Preparing: SELECT id,user_id,item_id,num,name,spec,price,image,create_time,update_time FROM cart WHERE (user_id = ?)
21:21:16:306 DEBUG 21700 --- [http-nio-8082-exec-4] c.h.cart.mapper.CartMapper.selectList    : ==> Parameters: 1(Long)
21:21:16:421 DEBUG 21700 --- [http-nio-8082-exec-4] c.h.cart.mapper.CartMapper.selectList    : <==      Total: 1
21:21:16:422 DEBUG 21700 --- [http-nio-8082-exec-4] com.hmall.api.client.ItemClient          : [ItemClient#queryItemByIds] ---> GET http://item-service/items?ids=100000006163 HTTP/1.1
21:21:16:422 DEBUG 21700 --- [http-nio-8082-exec-4] com.hmall.api.client.ItemClient          : [ItemClient#queryItemByIds] user-info: 1
21:21:16:422 DEBUG 21700 --- [http-nio-8082-exec-4] com.hmall.api.client.ItemClient          : [ItemClient#queryItemByIds] ---> END HTTP (0-byte body)
21:21:16:529 DEBUG 21700 --- [http-nio-8082-exec-4] com.hmall.api.client.ItemClient          : [ItemClient#queryItemByIds] <--- HTTP/1.1 200 (107ms)
21:21:16:529 DEBUG 21700 --- [http-nio-8082-exec-4] com.hmall.api.client.ItemClient          : [ItemClient#queryItemByIds] connection: keep-alive
21:21:16:529 DEBUG 21700 --- [http-nio-8082-exec-4] com.hmall.api.client.ItemClient          : [ItemClient#queryItemByIds] content-type: application/json
21:21:16:529 DEBUG 21700 --- [http-nio-8082-exec-4] com.hmall.api.client.ItemClient          : [ItemClient#queryItemByIds] date: Mon, 22 Jul 2024 13:21:16 GMT
21:21:16:530 DEBUG 21700 --- [http-nio-8082-exec-4] com.hmall.api.client.ItemClient          : [ItemClient#queryItemByIds] keep-alive: timeout=60
21:21:16:530 DEBUG 21700 --- [http-nio-8082-exec-4] com.hmall.api.client.ItemClient          : [ItemClient#queryItemByIds] transfer-encoding: chunked
21:21:16:530 DEBUG 21700 --- [http-nio-8082-exec-4] com.hmall.api.client.ItemClient          : [ItemClient#queryItemByIds] 
21:21:16:530 DEBUG 21700 --- [http-nio-8082-exec-4] com.hmall.api.client.ItemClient          : [ItemClient#queryItemByIds] [{"id":"100000006163","name":"巴布豆(BOBDOG)柔薄悦动婴儿拉拉裤XXL码80片(15kg以上)","price":67100,"stock":10000,"image":"https://m.360buyimg.com/mobilecms/s720x720_jfs/t23998/350/2363990466/222391/a6e9581d/5b7cba5bN0c18fb4f.jpg!q70.jpg.webp","category":"拉拉裤","brand":"巴布豆","spec":"{}","sold":11,"commentCount":33343434,"isAD":false,"status":2}]
21:21:16:530 DEBUG 21700 --- [http-nio-8082-exec-4] com.hmall.api.client.ItemClient          : [ItemClient#queryItemByIds] <--- END HTTP (371-byte body)
21:21:34:976 DEBUG 21700 --- [http-nio-8082-exec-5] c.h.cart.mapper.CartMapper.selectCount   : ==>  Preparing: SELECT COUNT( * ) FROM cart WHERE (user_id = ? AND item_id = ?)
21:21:34:977 DEBUG 21700 --- [http-nio-8082-exec-5] c.h.cart.mapper.CartMapper.selectCount   : ==> Parameters: 1(Long), 100000004580(Long)
21:21:35:120 DEBUG 21700 --- [http-nio-8082-exec-5] c.h.cart.mapper.CartMapper.selectCount   : <==      Total: 1
21:21:35:122 DEBUG 21700 --- [http-nio-8082-exec-5] c.h.cart.mapper.CartMapper.selectCount   : ==>  Preparing: SELECT COUNT( * ) FROM cart WHERE (user_id = ?)
21:21:35:122 DEBUG 21700 --- [http-nio-8082-exec-5] c.h.cart.mapper.CartMapper.selectCount   : ==> Parameters: 1(Long)
21:21:35:205 DEBUG 21700 --- [http-nio-8082-exec-5] c.h.cart.mapper.CartMapper.selectCount   : <==      Total: 1
21:21:35:206 DEBUG 21700 --- [http-nio-8082-exec-5] com.hmall.cart.mapper.CartMapper.insert  : ==>  Preparing: INSERT INTO cart ( user_id, item_id, name, spec, price, image ) VALUES ( ?, ?, ?, ?, ?, ? )
21:21:35:206 DEBUG 21700 --- [http-nio-8082-exec-5] com.hmall.cart.mapper.CartMapper.insert  : ==> Parameters: 1(Long), 100000004580(Long), 薇妮(viney)女士单肩包 时尚牛皮女包百搭斜挎包女士手提大包(经典黑)(String), {"颜色": "黑色"}(String), 87900(Integer), https://m.360buyimg.com/mobilecms/s720x720_jfs/t5590/64/5811657380/234462/5398e856/5965e173N34179777.jpg!q70.jpg.webp(String)
21:21:35:435 DEBUG 21700 --- [http-nio-8082-exec-5] com.hmall.cart.mapper.CartMapper.insert  : <==    Updates: 1
21:21:35:510 DEBUG 21700 --- [http-nio-8082-exec-6] c.h.cart.mapper.CartMapper.selectList    : ==>  Preparing: SELECT id,user_id,item_id,num,name,spec,price,image,create_time,update_time FROM cart WHERE (user_id = ?)
21:21:35:510 DEBUG 21700 --- [http-nio-8082-exec-6] c.h.cart.mapper.CartMapper.selectList    : ==> Parameters: 1(Long)
21:21:35:561 DEBUG 21700 --- [http-nio-8082-exec-6] c.h.cart.mapper.CartMapper.selectList    : <==      Total: 2
21:21:35:563 DEBUG 21700 --- [http-nio-8082-exec-6] com.hmall.api.client.ItemClient          : [ItemClient#queryItemByIds] ---> GET http://item-service/items?ids=100000006163&ids=100000004580 HTTP/1.1
21:21:35:563 DEBUG 21700 --- [http-nio-8082-exec-6] com.hmall.api.client.ItemClient          : [ItemClient#queryItemByIds] user-info: 1
21:21:35:563 DEBUG 21700 --- [http-nio-8082-exec-6] com.hmall.api.client.ItemClient          : [ItemClient#queryItemByIds] ---> END HTTP (0-byte body)
21:21:35:691 DEBUG 21700 --- [http-nio-8082-exec-6] com.hmall.api.client.ItemClient          : [ItemClient#queryItemByIds] <--- HTTP/1.1 200 (127ms)
21:21:35:691 DEBUG 21700 --- [http-nio-8082-exec-6] com.hmall.api.client.ItemClient          : [ItemClient#queryItemByIds] connection: keep-alive
21:21:35:691 DEBUG 21700 --- [http-nio-8082-exec-6] com.hmall.api.client.ItemClient          : [ItemClient#queryItemByIds] content-type: application/json
21:21:35:691 DEBUG 21700 --- [http-nio-8082-exec-6] com.hmall.api.client.ItemClient          : [ItemClient#queryItemByIds] date: Mon, 22 Jul 2024 13:21:35 GMT
21:21:35:691 DEBUG 21700 --- [http-nio-8082-exec-6] com.hmall.api.client.ItemClient          : [ItemClient#queryItemByIds] keep-alive: timeout=60
21:21:35:691 DEBUG 21700 --- [http-nio-8082-exec-6] com.hmall.api.client.ItemClient          : [ItemClient#queryItemByIds] transfer-encoding: chunked
21:21:35:691 DEBUG 21700 --- [http-nio-8082-exec-6] com.hmall.api.client.ItemClient          : [ItemClient#queryItemByIds] 
21:21:35:691 DEBUG 21700 --- [http-nio-8082-exec-6] com.hmall.api.client.ItemClient          : [ItemClient#queryItemByIds] [{"id":"100000004580","name":"薇妮(viney)女士单肩包 时尚牛皮女包百搭斜挎包女士手提大包(经典黑)","price":87900,"stock":10000,"image":"https://m.360buyimg.com/mobilecms/s720x720_jfs/t5590/64/5811657380/234462/5398e856/5965e173N34179777.jpg!q70.jpg.webp","category":"真皮包","brand":"viney","spec":"{\"颜色\": \"黑色\"}","sold":22233,"commentCount":2223232,"isAD":false,"status":1},{"id":"100000006163","name":"巴布豆(BOBDOG)柔薄悦动婴儿拉拉裤XXL码80片(15kg以上)","price":67100,"stock":10000,"image":"https://m.360buyimg.com/mobilecms/s720x720_jfs/t23998/350/2363990466/222391/a6e9581d/5b7cba5bN0c18fb4f.jpg!q70.jpg.webp","category":"拉拉裤","brand":"巴布豆","spec":"{}","sold":11,"commentCount":33343434,"isAD":false,"status":2}]
21:21:35:691 DEBUG 21700 --- [http-nio-8082-exec-6] com.hmall.api.client.ItemClient          : [ItemClient#queryItemByIds] <--- END HTTP (783-byte body)
21:21:38:236 DEBUG 21700 --- [http-nio-8082-exec-7] c.h.cart.mapper.CartMapper.deleteById    : ==>  Preparing: DELETE FROM cart WHERE id=?
21:21:38:237 DEBUG 21700 --- [http-nio-8082-exec-7] c.h.cart.mapper.CartMapper.deleteById    : ==> Parameters: 11(Long)
21:21:38:372 DEBUG 21700 --- [http-nio-8082-exec-7] c.h.cart.mapper.CartMapper.deleteById    : <==    Updates: 1
21:21:38:384 DEBUG 21700 --- [http-nio-8082-exec-8] c.h.cart.mapper.CartMapper.selectList    : ==>  Preparing: SELECT id,user_id,item_id,num,name,spec,price,image,create_time,update_time FROM cart WHERE (user_id = ?)
21:21:38:385 DEBUG 21700 --- [http-nio-8082-exec-8] c.h.cart.mapper.CartMapper.selectList    : ==> Parameters: 1(Long)
21:21:38:467 DEBUG 21700 --- [http-nio-8082-exec-8] c.h.cart.mapper.CartMapper.selectList    : <==      Total: 1
21:21:38:468 DEBUG 21700 --- [http-nio-8082-exec-8] com.hmall.api.client.ItemClient          : [ItemClient#queryItemByIds] ---> GET http://item-service/items?ids=100000004580 HTTP/1.1
21:21:38:468 DEBUG 21700 --- [http-nio-8082-exec-8] com.hmall.api.client.ItemClient          : [ItemClient#queryItemByIds] user-info: 1
21:21:38:468 DEBUG 21700 --- [http-nio-8082-exec-8] com.hmall.api.client.ItemClient          : [ItemClient#queryItemByIds] ---> END HTTP (0-byte body)
21:21:38:700 DEBUG 21700 --- [http-nio-8082-exec-8] com.hmall.api.client.ItemClient          : [ItemClient#queryItemByIds] <--- HTTP/1.1 200 (231ms)
21:21:38:700 DEBUG 21700 --- [http-nio-8082-exec-8] com.hmall.api.client.ItemClient          : [ItemClient#queryItemByIds] connection: keep-alive
21:21:38:700 DEBUG 21700 --- [http-nio-8082-exec-8] com.hmall.api.client.ItemClient          : [ItemClient#queryItemByIds] content-type: application/json
21:21:38:700 DEBUG 21700 --- [http-nio-8082-exec-8] com.hmall.api.client.ItemClient          : [ItemClient#queryItemByIds] date: Mon, 22 Jul 2024 13:21:38 GMT
21:21:38:700 DEBUG 21700 --- [http-nio-8082-exec-8] com.hmall.api.client.ItemClient          : [ItemClient#queryItemByIds] keep-alive: timeout=60
21:21:38:700 DEBUG 21700 --- [http-nio-8082-exec-8] com.hmall.api.client.ItemClient          : [ItemClient#queryItemByIds] transfer-encoding: chunked
21:21:38:700 DEBUG 21700 --- [http-nio-8082-exec-8] com.hmall.api.client.ItemClient          : [ItemClient#queryItemByIds] 
21:21:38:700 DEBUG 21700 --- [http-nio-8082-exec-8] com.hmall.api.client.ItemClient          : [ItemClient#queryItemByIds] [{"id":"100000004580","name":"薇妮(viney)女士单肩包 时尚牛皮女包百搭斜挎包女士手提大包(经典黑)","price":87900,"stock":10000,"image":"https://m.360buyimg.com/mobilecms/s720x720_jfs/t5590/64/5811657380/234462/5398e856/5965e173N34179777.jpg!q70.jpg.webp","category":"真皮包","brand":"viney","spec":"{\"颜色\": \"黑色\"}","sold":22233,"commentCount":2223232,"isAD":false,"status":1}]
21:21:38:700 DEBUG 21700 --- [http-nio-8082-exec-8] com.hmall.api.client.ItemClient          : [ItemClient#queryItemByIds] <--- END HTTP (413-byte body)
21:21:43:863 DEBUG 21700 --- [http-nio-8082-exec-9] com.hmall.cart.mapper.CartMapper.delete  : ==>  Preparing: DELETE FROM cart WHERE (user_id = ? AND item_id IN (?))
21:21:43:863 DEBUG 21700 --- [http-nio-8082-exec-9] com.hmall.cart.mapper.CartMapper.delete  : ==> Parameters: 1(Long), 100000004580(Long)
21:21:44:040 DEBUG 21700 --- [http-nio-8082-exec-9] com.hmall.cart.mapper.CartMapper.delete  : <==    Updates: 1
21:30:05:557 DEBUG 21700 --- [http-nio-8082-exec-2] c.h.cart.mapper.CartMapper.selectList    : ==>  Preparing: SELECT id,user_id,item_id,num,name,spec,price,image,create_time,update_time FROM cart WHERE (user_id = ?)
21:30:05:558 DEBUG 21700 --- [http-nio-8082-exec-2] c.h.cart.mapper.CartMapper.selectList    : ==> Parameters: 1(Long)
21:30:05:610 DEBUG 21700 --- [http-nio-8082-exec-2] c.h.cart.mapper.CartMapper.selectList    : <==      Total: 0
21:30:17:693 DEBUG 21700 --- [http-nio-8082-exec-3] c.h.cart.mapper.CartMapper.selectCount   : ==>  Preparing: SELECT COUNT( * ) FROM cart WHERE (user_id = ? AND item_id = ?)
21:30:17:693 DEBUG 21700 --- [http-nio-8082-exec-3] c.h.cart.mapper.CartMapper.selectCount   : ==> Parameters: 1(Long), 100000006163(Long)
21:30:17:775 DEBUG 21700 --- [http-nio-8082-exec-3] c.h.cart.mapper.CartMapper.selectCount   : <==      Total: 1
21:30:17:776 DEBUG 21700 --- [http-nio-8082-exec-3] c.h.cart.mapper.CartMapper.selectCount   : ==>  Preparing: SELECT COUNT( * ) FROM cart WHERE (user_id = ?)
21:30:17:776 DEBUG 21700 --- [http-nio-8082-exec-3] c.h.cart.mapper.CartMapper.selectCount   : ==> Parameters: 1(Long)
21:30:17:884 DEBUG 21700 --- [http-nio-8082-exec-3] c.h.cart.mapper.CartMapper.selectCount   : <==      Total: 1
21:30:17:886 DEBUG 21700 --- [http-nio-8082-exec-3] com.hmall.cart.mapper.CartMapper.insert  : ==>  Preparing: INSERT INTO cart ( user_id, item_id, name, spec, price, image ) VALUES ( ?, ?, ?, ?, ?, ? )
21:30:17:887 DEBUG 21700 --- [http-nio-8082-exec-3] com.hmall.cart.mapper.CartMapper.insert  : ==> Parameters: 1(Long), 100000006163(Long), 巴布豆(BOBDOG)柔薄悦动婴儿拉拉裤XXL码80片(15kg以上)(String), {}(String), 67100(Integer), https://m.360buyimg.com/mobilecms/s720x720_jfs/t23998/350/2363990466/222391/a6e9581d/5b7cba5bN0c18fb4f.jpg!q70.jpg.webp(String)
21:30:18:127 DEBUG 21700 --- [http-nio-8082-exec-3] com.hmall.cart.mapper.CartMapper.insert  : <==    Updates: 1
21:30:18:197 DEBUG 21700 --- [http-nio-8082-exec-4] c.h.cart.mapper.CartMapper.selectList    : ==>  Preparing: SELECT id,user_id,item_id,num,name,spec,price,image,create_time,update_time FROM cart WHERE (user_id = ?)
21:30:18:197 DEBUG 21700 --- [http-nio-8082-exec-4] c.h.cart.mapper.CartMapper.selectList    : ==> Parameters: 1(Long)
21:30:18:241 DEBUG 21700 --- [http-nio-8082-exec-4] c.h.cart.mapper.CartMapper.selectList    : <==      Total: 1
21:30:18:242 DEBUG 21700 --- [http-nio-8082-exec-4] com.hmall.api.client.ItemClient          : [ItemClient#queryItemByIds] ---> GET http://item-service/items?ids=100000006163 HTTP/1.1
21:30:18:242 DEBUG 21700 --- [http-nio-8082-exec-4] com.hmall.api.client.ItemClient          : [ItemClient#queryItemByIds] user-info: 1
21:30:18:242 DEBUG 21700 --- [http-nio-8082-exec-4] com.hmall.api.client.ItemClient          : [ItemClient#queryItemByIds] ---> END HTTP (0-byte body)
21:30:18:370 DEBUG 21700 --- [http-nio-8082-exec-4] com.hmall.api.client.ItemClient          : [ItemClient#queryItemByIds] <--- HTTP/1.1 200 (128ms)
21:30:18:371 DEBUG 21700 --- [http-nio-8082-exec-4] com.hmall.api.client.ItemClient          : [ItemClient#queryItemByIds] connection: keep-alive
21:30:18:371 DEBUG 21700 --- [http-nio-8082-exec-4] com.hmall.api.client.ItemClient          : [ItemClient#queryItemByIds] content-type: application/json
21:30:18:371 DEBUG 21700 --- [http-nio-8082-exec-4] com.hmall.api.client.ItemClient          : [ItemClient#queryItemByIds] date: Mon, 22 Jul 2024 13:30:18 GMT
21:30:18:371 DEBUG 21700 --- [http-nio-8082-exec-4] com.hmall.api.client.ItemClient          : [ItemClient#queryItemByIds] keep-alive: timeout=60
21:30:18:371 DEBUG 21700 --- [http-nio-8082-exec-4] com.hmall.api.client.ItemClient          : [ItemClient#queryItemByIds] transfer-encoding: chunked
21:30:18:371 DEBUG 21700 --- [http-nio-8082-exec-4] com.hmall.api.client.ItemClient          : [ItemClient#queryItemByIds] 
21:30:18:371 DEBUG 21700 --- [http-nio-8082-exec-4] com.hmall.api.client.ItemClient          : [ItemClient#queryItemByIds] [{"id":"100000006163","name":"巴布豆(BOBDOG)柔薄悦动婴儿拉拉裤XXL码80片(15kg以上)","price":67100,"stock":10000,"image":"https://m.360buyimg.com/mobilecms/s720x720_jfs/t23998/350/2363990466/222391/a6e9581d/5b7cba5bN0c18fb4f.jpg!q70.jpg.webp","category":"拉拉裤","brand":"巴布豆","spec":"{}","sold":11,"commentCount":33343434,"isAD":false,"status":2}]
21:30:18:371 DEBUG 21700 --- [http-nio-8082-exec-4] com.hmall.api.client.ItemClient          : [ItemClient#queryItemByIds] <--- END HTTP (371-byte body)
21:30:23:630 DEBUG 21700 --- [http-nio-8082-exec-5] c.h.cart.mapper.CartMapper.deleteById    : ==>  Preparing: DELETE FROM cart WHERE id=?
21:30:23:630 DEBUG 21700 --- [http-nio-8082-exec-5] c.h.cart.mapper.CartMapper.deleteById    : ==> Parameters: 13(Long)
21:30:23:745 DEBUG 21700 --- [http-nio-8082-exec-5] c.h.cart.mapper.CartMapper.deleteById    : <==    Updates: 1
21:30:23:757 DEBUG 21700 --- [http-nio-8082-exec-6] c.h.cart.mapper.CartMapper.selectList    : ==>  Preparing: SELECT id,user_id,item_id,num,name,spec,price,image,create_time,update_time FROM cart WHERE (user_id = ?)
21:30:23:757 DEBUG 21700 --- [http-nio-8082-exec-6] c.h.cart.mapper.CartMapper.selectList    : ==> Parameters: 1(Long)
21:30:23:849 DEBUG 21700 --- [http-nio-8082-exec-6] c.h.cart.mapper.CartMapper.selectList    : <==      Total: 0
21:30:27:246 DEBUG 21700 --- [http-nio-8082-exec-7] c.h.cart.mapper.CartMapper.selectCount   : ==>  Preparing: SELECT COUNT( * ) FROM cart WHERE (user_id = ? AND item_id = ?)
21:30:27:246 DEBUG 21700 --- [http-nio-8082-exec-7] c.h.cart.mapper.CartMapper.selectCount   : ==> Parameters: 1(Long), 100000011113(Long)
21:30:27:332 DEBUG 21700 --- [http-nio-8082-exec-7] c.h.cart.mapper.CartMapper.selectCount   : <==      Total: 1
21:30:27:333 DEBUG 21700 --- [http-nio-8082-exec-7] c.h.cart.mapper.CartMapper.selectCount   : ==>  Preparing: SELECT COUNT( * ) FROM cart WHERE (user_id = ?)
21:30:27:333 DEBUG 21700 --- [http-nio-8082-exec-7] c.h.cart.mapper.CartMapper.selectCount   : ==> Parameters: 1(Long)
21:30:27:454 DEBUG 21700 --- [http-nio-8082-exec-7] c.h.cart.mapper.CartMapper.selectCount   : <==      Total: 1
21:30:27:456 DEBUG 21700 --- [http-nio-8082-exec-7] com.hmall.cart.mapper.CartMapper.insert  : ==>  Preparing: INSERT INTO cart ( user_id, item_id, name, spec, price, image ) VALUES ( ?, ?, ?, ?, ?, ? )
21:30:27:456 DEBUG 21700 --- [http-nio-8082-exec-7] com.hmall.cart.mapper.CartMapper.insert  : ==> Parameters: 1(Long), 100000011113(Long), 莎米特SUMMIT拉杆箱22英寸PC材质万向轮旅行箱行李箱PC154T4A可扩容 法拉利红(String), {"颜色": "红色"}(String), 78900(Integer), https://m.360buyimg.com/mobilecms/s720x720_jfs/t1/25363/12/2929/274060/5c21df3aE1789bda7/030af31afd116ae0.jpg!q70.jpg.webp(String)
21:30:27:676 DEBUG 21700 --- [http-nio-8082-exec-7] com.hmall.cart.mapper.CartMapper.insert  : <==    Updates: 1
21:30:27:749 DEBUG 21700 --- [http-nio-8082-exec-8] c.h.cart.mapper.CartMapper.selectList    : ==>  Preparing: SELECT id,user_id,item_id,num,name,spec,price,image,create_time,update_time FROM cart WHERE (user_id = ?)
21:30:27:750 DEBUG 21700 --- [http-nio-8082-exec-8] c.h.cart.mapper.CartMapper.selectList    : ==> Parameters: 1(Long)
21:30:27:806 DEBUG 21700 --- [http-nio-8082-exec-8] c.h.cart.mapper.CartMapper.selectList    : <==      Total: 1
21:30:27:806 DEBUG 21700 --- [http-nio-8082-exec-8] com.hmall.api.client.ItemClient          : [ItemClient#queryItemByIds] ---> GET http://item-service/items?ids=100000011113 HTTP/1.1
21:30:27:806 DEBUG 21700 --- [http-nio-8082-exec-8] com.hmall.api.client.ItemClient          : [ItemClient#queryItemByIds] user-info: 1
21:30:27:807 DEBUG 21700 --- [http-nio-8082-exec-8] com.hmall.api.client.ItemClient          : [ItemClient#queryItemByIds] ---> END HTTP (0-byte body)
21:30:28:011 DEBUG 21700 --- [http-nio-8082-exec-8] com.hmall.api.client.ItemClient          : [ItemClient#queryItemByIds] <--- HTTP/1.1 200 (203ms)
21:30:28:011 DEBUG 21700 --- [http-nio-8082-exec-8] com.hmall.api.client.ItemClient          : [ItemClient#queryItemByIds] connection: keep-alive
21:30:28:011 DEBUG 21700 --- [http-nio-8082-exec-8] com.hmall.api.client.ItemClient          : [ItemClient#queryItemByIds] content-type: application/json
21:30:28:011 DEBUG 21700 --- [http-nio-8082-exec-8] com.hmall.api.client.ItemClient          : [ItemClient#queryItemByIds] date: Mon, 22 Jul 2024 13:30:28 GMT
21:30:28:011 DEBUG 21700 --- [http-nio-8082-exec-8] com.hmall.api.client.ItemClient          : [ItemClient#queryItemByIds] keep-alive: timeout=60
21:30:28:011 DEBUG 21700 --- [http-nio-8082-exec-8] com.hmall.api.client.ItemClient          : [ItemClient#queryItemByIds] transfer-encoding: chunked
21:30:28:011 DEBUG 21700 --- [http-nio-8082-exec-8] com.hmall.api.client.ItemClient          : [ItemClient#queryItemByIds] 
21:30:28:011 DEBUG 21700 --- [http-nio-8082-exec-8] com.hmall.api.client.ItemClient          : [ItemClient#queryItemByIds] [{"id":"100000011113","name":"莎米特SUMMIT拉杆箱22英寸PC材质万向轮旅行箱行李箱PC154T4A可扩容 法拉利红","price":78900,"stock":10000,"image":"https://m.360buyimg.com/mobilecms/s720x720_jfs/t1/25363/12/2929/274060/5c21df3aE1789bda7/030af31afd116ae0.jpg!q70.jpg.webp","category":"拉杆箱","brand":"莎米特","spec":"{\"颜色\": \"红色\"}","sold":435,"commentCount":334434,"isAD":false,"status":1}]
21:30:28:011 DEBUG 21700 --- [http-nio-8082-exec-8] com.hmall.api.client.ItemClient          : [ItemClient#queryItemByIds] <--- END HTTP (425-byte body)
21:30:33:369 DEBUG 21700 --- [http-nio-8082-exec-9] com.hmall.cart.mapper.CartMapper.delete  : ==>  Preparing: DELETE FROM cart WHERE (user_id = ? AND item_id IN (?))
21:30:33:369 DEBUG 21700 --- [http-nio-8082-exec-9] com.hmall.cart.mapper.CartMapper.delete  : ==> Parameters: 1(Long), 100000011113(Long)
21:30:33:526 DEBUG 21700 --- [http-nio-8082-exec-9] com.hmall.cart.mapper.CartMapper.delete  : <==    Updates: 1
21:32:44:210 DEBUG 21700 --- [http-nio-8082-exec-2] c.h.cart.mapper.CartMapper.selectList    : ==>  Preparing: SELECT id,user_id,item_id,num,name,spec,price,image,create_time,update_time FROM cart WHERE (user_id = ?)
21:32:44:210 DEBUG 21700 --- [http-nio-8082-exec-2] c.h.cart.mapper.CartMapper.selectList    : ==> Parameters: 1(Long)
21:32:44:259 DEBUG 21700 --- [http-nio-8082-exec-2] c.h.cart.mapper.CartMapper.selectList    : <==      Total: 0
21:32:59:171  WARN 21700 --- [Thread-7] c.a.n.common.http.HttpClientBeanHolder   : [HttpClientBeanHolder] Start destroying common HttpClient
21:32:59:171  WARN 21700 --- [Thread-4] c.a.nacos.common.notify.NotifyCenter     : [NotifyCenter] Start destroying Publisher
21:32:59:171  WARN 21700 --- [Thread-4] c.a.nacos.common.notify.NotifyCenter     : [NotifyCenter] Destruction of the end
21:32:59:171  WARN 21700 --- [Thread-7] c.a.n.common.http.HttpClientBeanHolder   : [HttpClientBeanHolder] Destruction of the end
21:32:59:660  INFO 21700 --- [SpringApplicationShutdownHook] c.a.c.n.registry.NacosServiceRegistry    : De-registering from Nacos Server now...
21:32:59:776  INFO 21700 --- [SpringApplicationShutdownHook] c.a.c.n.registry.NacosServiceRegistry    : De-registration finished.
21:33:00:096  INFO 21700 --- [SpringApplicationShutdownHook] com.alibaba.nacos.common.remote.client   : Shutdown rpc client, set status to shutdown
21:33:00:096  INFO 21700 --- [SpringApplicationShutdownHook] com.alibaba.nacos.common.remote.client   : Shutdown client event executor java.util.concurrent.ScheduledThreadPoolExecutor@2b2d796d[Running, pool size = 2, active threads = 2, queued tasks = 0, completed tasks = 0]
21:33:00:096  INFO 21700 --- [SpringApplicationShutdownHook] com.alibaba.nacos.common.remote.client   : Close current connection 1721654245085_223.104.110.251_18151
21:33:00:100  INFO 21700 --- [SpringApplicationShutdownHook] c.a.n.c.remote.client.grpc.GrpcClient    : Shutdown grpc executor java.util.concurrent.ThreadPoolExecutor@7f58eaf3[Running, pool size = 5, active threads = 0, queued tasks = 0, completed tasks = 228]
21:33:00:102  INFO 21700 --- [SpringApplicationShutdownHook] com.zaxxer.hikari.HikariDataSource       : HikariPool-1 - Shutdown initiated...
21:33:10:113  INFO 21700 --- [SpringApplicationShutdownHook] com.zaxxer.hikari.HikariDataSource       : HikariPool-1 - Shutdown completed.
